filter.coffee:43:                message: i18n.t("account.license.needUpgradeBeforeContinue")
filter.coffee:51:            message: i18n.t("common.error.needAuth")
filter.coffee:66:            message: i18n.t("common.error.needAuth")
filter.coffee:86:            message: i18n.t("common.error.needAuth")
Bll/coProjectLockBll.js:13:      return cb(new Error(i18n.t('ent.lock.no_page_to_lock')));
Bll/coProjectLockBll.js:22:      return cb(new Error(i18n.t('ent.lock.no_page_to_unlock')));
Bll/coProjectReviewBll.coffee:28:        return cb new Error i18n.t('ent.invalid_request')
Bll/coProjectReviewBll.coffee:30:        return cb new Error i18n.t('ent.invalid_request')
Bll/coProjectReviewBll.coffee:32:        return cb new Error i18n.t('ent.invalid_request')
Bll/coProjectReviewBll.coffee:34:        return cb new Error i18n.t('ent.review.empty_author')
Bll/coProjectReviewBll.coffee:36:        return cb new Error i18n.t('ent.review.empty_content')
Bll/coProjectReviewBll.coffee:75:        return cb new Error i18n.t('ent.invalid_request')
Bll/coProjectReviewBll.coffee:77:        return cb new Error i18n.t('ent.invalid_request')
Bll/coProjectReviewBll.coffee:79:        return cb new Error i18n.t('ent.invalid_request')
Bll/coProjectReviewBll.coffee:81:        return cb new Error i18n.t('ent.review.empty_author')
Bll/coProjectReviewBll.coffee:83:        return cb new Error i18n.t('ent.review.empty_content')
Bll/coProjectReviewBll.coffee:121:        return cb new Error i18n.t('ent.invalid_request')
Bll/coProjectReviewBll.coffee:123:        return cb new Error i18n.t('ent.invalid_request')
Bll/coProjectReviewBll.coffee:125:        return cb new Error i18n.t('ent.invalid_request')
Bll/coProjectReviewBll.coffee:127:        return cb new Error i18n.t('ent.review.empty_author')
Bll/coProjectReviewBll.coffee:129:        return cb new Error i18n.t('ent.review.empty_content')
Bll/coProjectReviewBll.coffee:158:                return cb new Error i18n.t('ent.invalid_project')
Bll/coProjectReviewBll.coffee:164:                return cb new Error i18n.t('ent.invalid_project')
Bll/coProjectReviewBll.js:39:      return cb(new Error(i18n.t('ent.invalid_request')));
Bll/coProjectReviewBll.js:42:      return cb(new Error(i18n.t('ent.invalid_request')));
Bll/coProjectReviewBll.js:45:      return cb(new Error(i18n.t('ent.invalid_request')));
Bll/coProjectReviewBll.js:48:      return cb(new Error(i18n.t('ent.review.empty_author')));
Bll/coProjectReviewBll.js:51:      return cb(new Error(i18n.t('ent.review.empty_content')));
Bll/coProjectReviewBll.js:110:      return cb(new Error(i18n.t('ent.invalid_request')));
Bll/coProjectReviewBll.js:113:      return cb(new Error(i18n.t('ent.invalid_request')));
Bll/coProjectReviewBll.js:116:      return cb(new Error(i18n.t('ent.invalid_request')));
Bll/coProjectReviewBll.js:119:      return cb(new Error(i18n.t('ent.review.empty_author')));
Bll/coProjectReviewBll.js:122:      return cb(new Error(i18n.t('ent.review.empty_content')));
Bll/coProjectReviewBll.js:180:      return cb(new Error(i18n.t('ent.invalid_request')));
Bll/coProjectReviewBll.js:183:      return cb(new Error(i18n.t('ent.invalid_request')));
Bll/coProjectReviewBll.js:186:      return cb(new Error(i18n.t('ent.invalid_request')));
Bll/coProjectReviewBll.js:189:      return cb(new Error(i18n.t('ent.review.empty_author')));
Bll/coProjectReviewBll.js:192:      return cb(new Error(i18n.t('ent.review.empty_content')));
Bll/coProjectReviewBll.js:235:          return cb(new Error(i18n.t('ent.invalid_project')));
Bll/coProjectReviewBll.js:245:          return cb(new Error(i18n.t('ent.invalid_project')));
Bll/componentLibBll.coffee:22:            return cb new Error i18n.t('lib.not_exist'), -1, 404
Bll/componentLibBll.coffee:116:            return cb new Error i18n.t('lib.cannot_sync')
Bll/componentLibBll.coffee:132:                            return cb new Error i18n.t('lib.cannot_edit')
Bll/componentLibBll.coffee:213:            return cb new Error i18n.t('lib.cannot_remove')
Bll/componentLibBll.coffee:253:            return cb new Error i18n.t('lib.cannot_edit')
Bll/componentLibBll.coffee:272:            return cb new Error i18n.t('lib.cannot_view')
Bll/componentLibBll.coffee:282:            return cb new Error i18n.t('lib.cannot_view')
Bll/cloudProjectBll.js:977:        subject = i18n.t('ent.review.notify.email_subject') + project.Title;
Bll/coProjectBll.coffee:29:            return cb new Error i18n.t('ent.invalid_project')
Bll/coProjectBll.coffee:35:                return cb new Error i18n.t('ent.sync.permission_denied')
Bll/coProjectBll.coffee:45:            return cb new Error i18n.t('ent.invalid_project')
Bll/coProjectBll.coffee:47:            return cb new Error i18n.t('ent.sync.permission_denied')
Bll/coProjectBll.coffee:114:                return cb new Error i18n.t('ent.sync.no_version_to_compare')
Bll/coProjectBll.coffee:134:                return cb new Error i18n.t('ent.sync.no_version_to_compare')
Bll/coProjectBll.coffee:154:                return cb new Error i18n.t('ent.sync.no_version_to_compare')
Bll/coProjectBll.coffee:185:                            return cb new Error i18n.t('ent.sync.server_has_updated')
Bll/coProjectBll.coffee:233:                            return cb new Error i18n.t('ent.sync.server_has_updated')
Bll/coProjectBll.coffee:281:                            return cb new Error i18n.t('ent.sync.server_has_updated')
Bll/coProjectBll.coffee:322:                    return cb new Error i18n.t('ent.sync.server_has_updated')
Bll/coProjectBll.coffee:335:        return cb new Error i18n.t('ent.invalid_request')
Bll/coProjectBll.coffee:341:                return cb new Error i18n.t('ent.share.account_not_exist')
Bll/coProjectBll.coffee:343:                return cb new Error i18n.t('ent.share.cannot_invite_myself')
Bll/coProjectBll.coffee:363:        return cb new Error i18n.t('ent.invalid_request')
Bll/coProjectBll.coffee:376:        return cb new Error i18n.t('ent.invalid_request')
Bll/coProjectBll.coffee:382:                return cb new Error i18n.t('ent.share.account_not_exist')
Bll/coProjectBll.coffee:384:                return cb new Error i18n.t('ent.share.cannot_suicide')
Bll/coProjectBll.coffee:457:                    return cb new Error i18n.t('ent.server_fail')
Bll/coProjectBll.coffee:473:                    return cb new Error i18n.t('ent.project.no_revision')
Bll/coProjectBll.coffee:483:            return cb new Error i18n.t('ent.project.invalid_code')
Bll/coProjectBll.coffee:487:                return cb new Error i18n.t('ent.project.no_revision')
Bll/coProjectBll.coffee:522:                subject = i18n.t('ent.review.notify.email_subject') + project.name
Bll/mockupOrderBll.coffee:17:        cb new Error(i18n.t("software.purchase.desktop.error.countMustBePositive"))
Bll/componentLibShareBll.coffee:9:ERROR_NO_PERMISSION = new Error i18n.t('lib.permission_denied')
Bll/componentLibShareBll.coffee:18:            return cb new Error i18n.t('lib.not_exist')
Bll/componentLibShareBll.coffee:26:        return cb new Error i18n.t('account.register.invalidEmail')
Bll/componentLibShareBll.coffee:37:                    return cb new Error i18n.t('lib.share.cannot_share_to_free_user')
Bll/componentLibShareBll.coffee:44:                        return cb new Error i18n.t('lib.share.exist')
Bll/componentLibShareBll.coffee:49:                                return cb new Error i18n.t('lib.not_exist')
Bll/componentLibShareBll.coffee:51:                                return cb new Error i18n.t('lib.share.cannot_share_to_self')
Bll/componentLibShareBll.coffee:72:                return cb new Error i18n.t('lib.share.has_been_canceled')
Bll/componentLibShareBll.coffee:96:            return cb new Error i18n.t('lib.public.exist')
Bll/componentLibShareBll.coffee:101:                    return cb new Error i18n.t('lib.not_exist')
Bll/componentLibShareBll.coffee:103:                    return cb new Error i18n.t('lib.public.invalid_request')
Bll/componentLibShareBll.coffee:105:                    return cb new Error i18n.t('lib.public.cannot_add_to_self')
Bll/componentLibShareBll.coffee:122:            return cb new Error i18n.t('lib.public.has_not_been_added')
Bll/userBll.coffee:42:                return cb new Error(i18n.t("account.register.emailHasExist", newUserInfo.email)) if exist
Bll/userBll.coffee:53:        cb new Error(i18n.t("account.register.invalidEmail"))
Bll/userBll.coffee:103:        cb new Error(i18n.t("account.register.invalidEmail"))
Bll/cloudProjectBll.coffee:615:            subject = i18n.t('ent.review.notify.email_subject') + project.Title
Bll/mockupOrderBll.js:23:      return cb(new Error(i18n.t("software.purchase.desktop.error.countMustBePositive")));
Bll/componentLibShareBll.js:15:  ERROR_NO_PERMISSION = new Error(i18n.t('lib.permission_denied'));
Bll/componentLibShareBll.js:28:        return cb(new Error(i18n.t('lib.not_exist')));
Bll/componentLibShareBll.js:41:      return cb(new Error(i18n.t('account.register.invalidEmail')));
Bll/componentLibShareBll.js:59:            return cb(new Error(i18n.t('lib.share.cannot_share_to_free_user')));
Bll/componentLibShareBll.js:69:              return cb(new Error(i18n.t('lib.share.exist')));
Bll/componentLibShareBll.js:76:                  return cb(new Error(i18n.t('lib.not_exist')));
Bll/componentLibShareBll.js:79:                  return cb(new Error(i18n.t('lib.share.cannot_share_to_self')));
Bll/componentLibShareBll.js:118:          return cb(new Error(i18n.t('lib.share.has_been_canceled')));
Bll/componentLibShareBll.js:157:        return cb(new Error(i18n.t('lib.public.exist')));
Bll/componentLibShareBll.js:164:            return cb(new Error(i18n.t('lib.not_exist')));
Bll/componentLibShareBll.js:167:            return cb(new Error(i18n.t('lib.public.invalid_request')));
Bll/componentLibShareBll.js:170:            return cb(new Error(i18n.t('lib.public.cannot_add_to_self')));
Bll/componentLibShareBll.js:199:        return cb(new Error(i18n.t('lib.public.has_not_been_added')));
Bll/coProjectBll.js:50:        return cb(new Error(i18n.t('ent.invalid_project')));
Bll/coProjectBll.js:60:          return cb(new Error(i18n.t('ent.sync.permission_denied')));
Bll/coProjectBll.js:78:        return cb(new Error(i18n.t('ent.invalid_project')));
Bll/coProjectBll.js:81:        return cb(new Error(i18n.t('ent.sync.permission_denied')));
Bll/coProjectBll.js:193:          return cb(new Error(i18n.t('ent.sync.no_version_to_compare')));
Bll/coProjectBll.js:230:          return cb(new Error(i18n.t('ent.sync.no_version_to_compare')));
Bll/coProjectBll.js:267:          return cb(new Error(i18n.t('ent.sync.no_version_to_compare')));
Bll/coProjectBll.js:321:                return cb(new Error(i18n.t('ent.sync.server_has_updated')));
Bll/coProjectBll.js:403:                return cb(new Error(i18n.t('ent.sync.server_has_updated')));
Bll/coProjectBll.js:485:                return cb(new Error(i18n.t('ent.sync.server_has_updated')));
Bll/coProjectBll.js:555:            return cb(new Error(i18n.t('ent.sync.server_has_updated')));
Bll/coProjectBll.js:578:      return cb(new Error(i18n.t('ent.invalid_request')));
Bll/coProjectBll.js:589:          return cb(new Error(i18n.t('ent.share.account_not_exist')));
Bll/coProjectBll.js:592:          return cb(new Error(i18n.t('ent.share.cannot_invite_myself')));
Bll/coProjectBll.js:630:      return cb(new Error(i18n.t('ent.invalid_request')));
Bll/coProjectBll.js:650:      return cb(new Error(i18n.t('ent.invalid_request')));
Bll/coProjectBll.js:661:          return cb(new Error(i18n.t('ent.share.account_not_exist')));
Bll/coProjectBll.js:664:          return cb(new Error(i18n.t('ent.share.cannot_suicide')));
Bll/coProjectBll.js:783:            return cb(new Error(i18n.t('ent.server_fail')));
Bll/coProjectBll.js:812:            return cb(new Error(i18n.t('ent.project.no_revision')));
Bll/coProjectBll.js:831:        return cb(new Error(i18n.t('ent.project.invalid_code')));
Bll/coProjectBll.js:838:          return cb(new Error(i18n.t('ent.project.no_revision')));
Bll/coProjectBll.js:899:          subject = i18n.t('ent.review.notify.email_subject') + project.name;
Bll/componentLibBll.js:38:        return cb(new Error(i18n.t('lib.not_exist'), -1, 404));
Bll/componentLibBll.js:201:        return cb(new Error(i18n.t('lib.cannot_sync')));
Bll/componentLibBll.js:225:                return cb(new Error(i18n.t('lib.cannot_edit')));
Bll/componentLibBll.js:380:        return cb(new Error(i18n.t('lib.cannot_remove')));
Bll/componentLibBll.js:451:        return cb(new Error(i18n.t('lib.cannot_edit')));
Bll/componentLibBll.js:491:        return cb(new Error(i18n.t('lib.cannot_view')));
Bll/componentLibBll.js:508:        return cb(new Error(i18n.t('lib.cannot_view')));
Bll/commonBll.js:72:      return cb(new Error(i18n.t("common.feedback.requireContent")));
Bll/userBll.js:66:            return cb(new Error(i18n.t("account.register.emailHasExist", newUserInfo.email)));
Bll/userBll.js:84:      return cb(new Error(i18n.t("account.register.invalidEmail")));
Bll/userBll.js:149:      return cb(new Error(i18n.t("account.register.invalidEmail")));
Bll/coProjectLockBll.coffee:7:        return cb new Error i18n.t('ent.lock.no_page_to_lock')
Bll/coProjectLockBll.coffee:13:        return cb new Error i18n.t('ent.lock.no_page_to_unlock')
Bll/commonBll.coffee:54:        cb new Error(i18n.t("common.feedback.requireContent"))
test/utils/i18n.test.js:8:    "i18n test": {
test/utils/i18n.test.js:16:          res = this.i18n.t("test.hello");
test/utils/i18n.test.js:21:          res = this.i18n.t("test.format", ["ala"]);
test/utils/i18n.test.js:26:          res = this.i18n.t("emails.invite.desc", ["yangsibai@gmail.com"]);
test/utils/i18n.test.js:31:          res = this.i18n.t("page.account.project.rewardLog.rewardContent.project", 1);
test/utils/i18n.test.js:40://# sourceMappingURL=i18n.test.js.map
test/utils/i18n.test.coffee:4:    "i18n test":
test/utils/i18n.test.coffee:10:                res = @i18n.t("test.hello")
test/utils/i18n.test.coffee:13:                res = @i18n.t("test.format", [
test/utils/i18n.test.coffee:18:                res=@i18n.t("emails.invite.desc",[
test/utils/i18n.test.coffee:23:                res=@i18n.t("page.account.project.rewardLog.rewardContent.project", 1)
test/i18nTest.coffee:4:	test.ok(i18n.t('test.hello') is 'hello');
test/i18nTest.coffee:5:	test.ok(i18n.t('test.format', [
test/i18nTest.coffee:8:	test.ok(i18n.t("test.name.space") is "test name space");
test/i18nTest.js:8:    test.ok(i18n.t('test.hello') === 'hello');
test/i18nTest.js:9:    test.ok(i18n.t('test.format', ['ala']) === 'hello ala');
test/i18nTest.js:10:    test.ok(i18n.t("test.name.space") === "test name space");
bin/Bll/coProjectLockBll.js:13:      return cb(new Error(i18n.t('ent.lock.no_page_to_lock')));
bin/Bll/coProjectLockBll.js:22:      return cb(new Error(i18n.t('ent.lock.no_page_to_unlock')));
bin/Bll/coProjectReviewBll.js:39:      return cb(new Error(i18n.t('ent.invalid_request')));
bin/Bll/coProjectReviewBll.js:42:      return cb(new Error(i18n.t('ent.invalid_request')));
bin/Bll/coProjectReviewBll.js:45:      return cb(new Error(i18n.t('ent.invalid_request')));
bin/Bll/coProjectReviewBll.js:48:      return cb(new Error(i18n.t('ent.review.empty_author')));
bin/Bll/coProjectReviewBll.js:51:      return cb(new Error(i18n.t('ent.review.empty_content')));
bin/Bll/coProjectReviewBll.js:110:      return cb(new Error(i18n.t('ent.invalid_request')));
bin/Bll/coProjectReviewBll.js:113:      return cb(new Error(i18n.t('ent.invalid_request')));
bin/Bll/coProjectReviewBll.js:116:      return cb(new Error(i18n.t('ent.invalid_request')));
bin/Bll/coProjectReviewBll.js:119:      return cb(new Error(i18n.t('ent.review.empty_author')));
bin/Bll/coProjectReviewBll.js:122:      return cb(new Error(i18n.t('ent.review.empty_content')));
bin/Bll/coProjectReviewBll.js:180:      return cb(new Error(i18n.t('ent.invalid_request')));
bin/Bll/coProjectReviewBll.js:183:      return cb(new Error(i18n.t('ent.invalid_request')));
bin/Bll/coProjectReviewBll.js:186:      return cb(new Error(i18n.t('ent.invalid_request')));
bin/Bll/coProjectReviewBll.js:189:      return cb(new Error(i18n.t('ent.review.empty_author')));
bin/Bll/coProjectReviewBll.js:192:      return cb(new Error(i18n.t('ent.review.empty_content')));
bin/Bll/coProjectReviewBll.js:235:          return cb(new Error(i18n.t('ent.invalid_project')));
bin/Bll/coProjectReviewBll.js:245:          return cb(new Error(i18n.t('ent.invalid_project')));
bin/Bll/cloudProjectBll.js:977:        subject = i18n.t('ent.review.notify.email_subject') + project.Title;
bin/Bll/mockupOrderBll.js:23:      return cb(new Error(i18n.t("software.purchase.desktop.error.countMustBePositive")));
bin/Bll/componentLibShareBll.js:15:  ERROR_NO_PERMISSION = new Error(i18n.t('lib.permission_denied'));
bin/Bll/componentLibShareBll.js:28:        return cb(new Error(i18n.t('lib.not_exist')));
bin/Bll/componentLibShareBll.js:41:      return cb(new Error(i18n.t('account.register.invalidEmail')));
bin/Bll/componentLibShareBll.js:59:            return cb(new Error(i18n.t('lib.share.cannot_share_to_free_user')));
bin/Bll/componentLibShareBll.js:69:              return cb(new Error(i18n.t('lib.share.exist')));
bin/Bll/componentLibShareBll.js:76:                  return cb(new Error(i18n.t('lib.not_exist')));
bin/Bll/componentLibShareBll.js:79:                  return cb(new Error(i18n.t('lib.share.cannot_share_to_self')));
bin/Bll/componentLibShareBll.js:118:          return cb(new Error(i18n.t('lib.share.has_been_canceled')));
bin/Bll/componentLibShareBll.js:157:        return cb(new Error(i18n.t('lib.public.exist')));
bin/Bll/componentLibShareBll.js:164:            return cb(new Error(i18n.t('lib.not_exist')));
bin/Bll/componentLibShareBll.js:167:            return cb(new Error(i18n.t('lib.public.invalid_request')));
bin/Bll/componentLibShareBll.js:170:            return cb(new Error(i18n.t('lib.public.cannot_add_to_self')));
bin/Bll/componentLibShareBll.js:199:        return cb(new Error(i18n.t('lib.public.has_not_been_added')));
bin/Bll/coProjectBll.js:50:        return cb(new Error(i18n.t('ent.invalid_project')));
bin/Bll/coProjectBll.js:60:          return cb(new Error(i18n.t('ent.sync.permission_denied')));
bin/Bll/coProjectBll.js:78:        return cb(new Error(i18n.t('ent.invalid_project')));
bin/Bll/coProjectBll.js:81:        return cb(new Error(i18n.t('ent.sync.permission_denied')));
bin/Bll/coProjectBll.js:193:          return cb(new Error(i18n.t('ent.sync.no_version_to_compare')));
bin/Bll/coProjectBll.js:230:          return cb(new Error(i18n.t('ent.sync.no_version_to_compare')));
bin/Bll/coProjectBll.js:267:          return cb(new Error(i18n.t('ent.sync.no_version_to_compare')));
bin/Bll/coProjectBll.js:321:                return cb(new Error(i18n.t('ent.sync.server_has_updated')));
bin/Bll/coProjectBll.js:403:                return cb(new Error(i18n.t('ent.sync.server_has_updated')));
bin/Bll/coProjectBll.js:485:                return cb(new Error(i18n.t('ent.sync.server_has_updated')));
bin/Bll/coProjectBll.js:555:            return cb(new Error(i18n.t('ent.sync.server_has_updated')));
bin/Bll/coProjectBll.js:578:      return cb(new Error(i18n.t('ent.invalid_request')));
bin/Bll/coProjectBll.js:589:          return cb(new Error(i18n.t('ent.share.account_not_exist')));
bin/Bll/coProjectBll.js:592:          return cb(new Error(i18n.t('ent.share.cannot_invite_myself')));
bin/Bll/coProjectBll.js:630:      return cb(new Error(i18n.t('ent.invalid_request')));
bin/Bll/coProjectBll.js:650:      return cb(new Error(i18n.t('ent.invalid_request')));
bin/Bll/coProjectBll.js:661:          return cb(new Error(i18n.t('ent.share.account_not_exist')));
bin/Bll/coProjectBll.js:664:          return cb(new Error(i18n.t('ent.share.cannot_suicide')));
bin/Bll/coProjectBll.js:783:            return cb(new Error(i18n.t('ent.server_fail')));
bin/Bll/coProjectBll.js:812:            return cb(new Error(i18n.t('ent.project.no_revision')));
bin/Bll/coProjectBll.js:831:        return cb(new Error(i18n.t('ent.project.invalid_code')));
bin/Bll/coProjectBll.js:838:          return cb(new Error(i18n.t('ent.project.no_revision')));
bin/Bll/coProjectBll.js:899:          subject = i18n.t('ent.review.notify.email_subject') + project.name;
bin/Bll/componentLibBll.js:38:        return cb(new Error(i18n.t('lib.not_exist'), -1, 404));
bin/Bll/componentLibBll.js:201:        return cb(new Error(i18n.t('lib.cannot_sync')));
bin/Bll/componentLibBll.js:225:                return cb(new Error(i18n.t('lib.cannot_edit')));
bin/Bll/componentLibBll.js:380:        return cb(new Error(i18n.t('lib.cannot_remove')));
bin/Bll/componentLibBll.js:451:        return cb(new Error(i18n.t('lib.cannot_edit')));
bin/Bll/componentLibBll.js:491:        return cb(new Error(i18n.t('lib.cannot_view')));
bin/Bll/componentLibBll.js:508:        return cb(new Error(i18n.t('lib.cannot_view')));
bin/Bll/commonBll.js:72:      return cb(new Error(i18n.t("common.feedback.requireContent")));
bin/Bll/userBll.js:66:            return cb(new Error(i18n.t("account.register.emailHasExist", newUserInfo.email)));
bin/Bll/userBll.js:84:      return cb(new Error(i18n.t("account.register.invalidEmail")));
bin/Bll/userBll.js:149:      return cb(new Error(i18n.t("account.register.invalidEmail")));
bin/site/www/controllers/s.coffee:42:                            title: i18n.t('report.title')
bin/site/www/controllers/s.coffee:141:                    title: i18n.t('report.title')
bin/site/www/controllers/s.coffee:157:                title: i18n.t('report.title')
bin/site/www/controllers/s.coffee:216:            title: i18n.t('report.rank.title')
bin/site/www/controllers/s.js:68:                title: i18n.t('report.title'),
bin/site/www/controllers/s.js:232:            title: i18n.t('report.title'),
bin/site/www/controllers/s.js:259:          title: i18n.t('report.title'),
bin/site/www/controllers/s.js:346:        title: i18n.t('report.rank.title'),
bin/site/www/controllers/s/thread.coffee:71:                title: i18n.t('report.new.new_title')
bin/site/www/controllers/s/thread.coffee:373:                title: i18n.t('report.admin.thread.edit_title')
bin/site/www/controllers/s/board.js:58:        title: i18n.t("report.admin.board.new_title"),
bin/site/www/controllers/s/board.js:64:        throw new errs.InvalidFormData(i18n.t("report.admin.board.fail"));
bin/site/www/controllers/s/board.js:271:        throw new errs.InvalidFormData(i18n.t('report.admin.label.fail'));
bin/site/www/controllers/s/board.js:293:        title: i18n.t('report.admin.label.title'),
bin/site/www/controllers/s/board.js:384:              title: i18n.t('report.admin.member.title'),
bin/site/www/controllers/s/board.js:398:            title: i18n.t('report.admin.member.title'),
bin/site/www/controllers/s/board.js:411:            title: i18n.t('report.admin.member.title'),
bin/site/www/controllers/s/board.js:423:              title: i18n.t('report.admin.member.title'),
bin/site/www/controllers/s/board.js:427:              error: errorMails.length > 0 ? i18n.t('report.admin.member.fail_to_add') : '',
bin/site/www/controllers/s/thread.js:109:          title: i18n.t('report.new.new_title'),
bin/site/www/controllers/s/thread.js:580:          title: i18n.t('report.admin.thread.edit_title'),
bin/site/www/controllers/s/board.coffee:37:            title: i18n.t("report.admin.board.new_title")
bin/site/www/controllers/s/board.coffee:42:            throw new errs.InvalidFormData(i18n.t("report.admin.board.fail"))
bin/site/www/controllers/s/board.coffee:180:            throw new errs.InvalidFormData(i18n.t('report.admin.label.fail'))
bin/site/www/controllers/s/board.coffee:194:            title: i18n.t('report.admin.label.title')
bin/site/www/controllers/s/board.coffee:257:                        title: i18n.t('report.admin.member.title')
bin/site/www/controllers/s/board.coffee:266:                    title: i18n.t('report.admin.member.title')
bin/site/www/controllers/s/board.coffee:276:                    title: i18n.t('report.admin.member.title')
bin/site/www/controllers/s/board.coffee:285:                        title: i18n.t('report.admin.member.title')
bin/site/www/controllers/s/board.coffee:289:                        error: if errorMails.length > 0 then i18n.t('report.admin.member.fail_to_add') else ''
bin/site/www/controllers/api/user.js:60:        message: i18n.t("common.ok"),
bin/site/www/controllers/api/user.js:89:        message: i18n.t("common.ok"),
bin/site/www/controllers/api/user.js:132:        message: i18n.t("common.ok"),
bin/site/www/controllers/api/user.js:178:        message: i18n.t("common.error.invalidRequest")
bin/site/www/controllers/api/user.js:202:            message: i18n.t("common.ok")
bin/site/www/controllers/api/user.js:209:        message: i18n.t("common.error.invalidRequest")
bin/site/www/controllers/api/user.js:227:            message: i18n.t("common.ok"),
bin/site/www/controllers/api/user.js:235:        message: i18n.t("common.ok"),
bin/site/www/controllers/api/support.js:39:        message: i18n.t("common.feedback.submitSuccess")
bin/site/www/controllers/api/support.coffee:26:            message: i18n.t("common.feedback.submitSuccess")
bin/site/www/controllers/api/software.js:34:        message: i18n.t("common.ok"),
bin/site/www/controllers/api/software.js:60:        message: i18n.t("common.ok"),
bin/site/www/controllers/api/user.coffee:42:            message: i18n.t("common.ok")
bin/site/www/controllers/api/user.coffee:61:            message: i18n.t("common.ok")
bin/site/www/controllers/api/user.coffee:90:            message: i18n.t("common.ok")
bin/site/www/controllers/api/user.coffee:122:            message: i18n.t("common.error.invalidRequest")
bin/site/www/controllers/api/user.coffee:139:                    message: i18n.t("common.ok")
bin/site/www/controllers/api/user.coffee:143:            message: i18n.t("common.error.invalidRequest")
bin/site/www/controllers/api/user.coffee:156:                    message: i18n.t("common.ok")
bin/site/www/controllers/api/user.coffee:161:            message: i18n.t("common.ok")
bin/site/www/controllers/api/software.coffee:22:            message: i18n.t("common.ok")
bin/site/www/controllers/api/software.coffee:39:            message: i18n.t("common.ok")
bin/site/api/index.js:92:            message: i18n.t("common.error.fileTooLarge")
bin/site/api/controllers/checkupdate.js:27:          message: i18n.t("software.update.noUpdate")
bin/site/api/controllers/checkupdate.js:32:          message: i18n.t("software.update.newVersionAvailable", software.version),
bin/site/api/controllers/active.coffee:14:                message: i18n.t("software.active.success")
bin/site/api/controllers/feedback.js:23:        message: i18n.t("common.feedback.submitSuccess")
bin/site/api/controllers/feedback.js:52:        message: i18n.t("common.feedback.submitSuccess")
bin/site/api/controllers/user.js:46:        message: i18n.t("common.ok"),
bin/site/api/controllers/user.js:72:        message: i18n.t("common.ok"),
bin/site/api/controllers/user.js:92:        message: i18n.t("common.ok"),
bin/site/api/controllers/v2/feedback.js:25:        message: i18n.t("common.feedback.submitSuccess")
bin/site/api/controllers/v2/feedback.js:54:        message: i18n.t("common.feedback.submitSuccess")
bin/site/api/controllers/v2/lib.js:49:      message: i18n.t("account.license.needUpgradeBeforeContinue")
bin/site/api/controllers/v2/lib.js:165:          message: i18n.t('lib.not_exist')
bin/site/api/controllers/v2/software.js:18:      message: i18n.t("software.update.noUpdate")
bin/site/api/controllers/v2/software.js:42:            message: i18n.t("software.update.noUpdate")
bin/site/api/controllers/v2/software.js:59:            message: i18n.t("software.update.newVersionAvailable", software.version),
bin/site/api/controllers/v2/software.js:95:            message: i18n.t("software.update.newVersionAvailable", software.version),
bin/site/api/controllers/v2/lib.coffee:37:        message: i18n.t("account.license.needUpgradeBeforeContinue")
bin/site/api/controllers/v2/lib.coffee:112:                message: i18n.t('lib.not_exist')
bin/site/api/controllers/v2/feedback.coffee:16:            message: i18n.t("common.feedback.submitSuccess")
bin/site/api/controllers/v2/feedback.coffee:38:            message: i18n.t("common.feedback.submitSuccess")
bin/site/api/controllers/v2/software.coffee:10:        message: i18n.t("software.update.noUpdate")
bin/site/api/controllers/v2/software.coffee:29:                    message: i18n.t("software.update.noUpdate")
bin/site/api/controllers/v2/software.coffee:44:                    message: i18n.t("software.update.newVersionAvailable", software.version)
bin/site/api/controllers/v2/software.coffee:72:                    message: i18n.t("software.update.newVersionAvailable", software.version)
bin/site/api/controllers/v5/feedback.js:25:        message: i18n.t("common.feedback.submitSuccess")
bin/site/api/controllers/v5/feedback.js:54:        message: i18n.t("common.feedback.submitSuccess")
bin/site/api/controllers/v5/lib.js:49:      message: i18n.t("account.license.needUpgradeBeforeContinue")
bin/site/api/controllers/v5/lib.js:165:          message: i18n.t('lib.not_exist')
bin/site/api/controllers/v5/project.coffee:45:        return res.err new Error i18n.t('ent.review.notify.invalid_email')
bin/site/api/controllers/v5/coProject.coffee:30:        return res.err new Error i18n.t('ent.review.notify.invalid_email')
bin/site/api/controllers/v5/project.js:74:      return res.err(new Error(i18n.t('ent.review.notify.invalid_email')));
bin/site/api/controllers/v5/software.js:18:      message: i18n.t("software.update.noUpdate")
bin/site/api/controllers/v5/software.js:38:        message: i18n.t("software.update.noUpdate")
bin/site/api/controllers/v5/software.js:52:            message: i18n.t("software.update.noUpdate")
bin/site/api/controllers/v5/software.js:69:            message: i18n.t("software.update.newVersionAvailable", software.version),
bin/site/api/controllers/v5/software.js:105:            message: i18n.t("software.update.newVersionAvailable", software.version),
bin/site/api/controllers/v5/software.js:139:            message: i18n.t("software.update.newVersionAvailable", software.version),
bin/site/api/controllers/v5/coProject.js:50:      return res.err(new Error(i18n.t('ent.review.notify.invalid_email')));
bin/site/api/controllers/v5/coProjectSync.coffee:45:                    message: i18n.t('ent.sync.no_need')
bin/site/api/controllers/v5/coProjectSync.js:66:            message: i18n.t('ent.sync.no_need')
bin/site/api/controllers/v5/lib.coffee:37:        message: i18n.t("account.license.needUpgradeBeforeContinue")
bin/site/api/controllers/v5/lib.coffee:112:                message: i18n.t('lib.not_exist')
bin/site/api/controllers/v5/feedback.coffee:16:            message: i18n.t("common.feedback.submitSuccess")
bin/site/api/controllers/v5/feedback.coffee:38:            message: i18n.t("common.feedback.submitSuccess")
bin/site/api/controllers/v5/software.coffee:10:        message: i18n.t("software.update.noUpdate")
bin/site/api/controllers/v5/software.coffee:24:            message: i18n.t("software.update.noUpdate")
bin/site/api/controllers/v5/software.coffee:36:                    message: i18n.t("software.update.noUpdate")
bin/site/api/controllers/v5/software.coffee:51:                    message: i18n.t("software.update.newVersionAvailable", software.version)
bin/site/api/controllers/v5/software.coffee:79:                    message: i18n.t("software.update.newVersionAvailable", software.version)
bin/site/api/controllers/v5/software.coffee:104:                    message: i18n.t("software.update.newVersionAvailable", software.version)
bin/site/api/controllers/checkexpire.js:38:          message: i18n.t("software.license.freeTrialExpired")
bin/site/api/controllers/checkexpire.js:43:          message: i18n.t("software.license.notExpired")
bin/site/api/controllers/checkupdate.coffee:25:                message: i18n.t("software.update.noUpdate")
bin/site/api/controllers/checkupdate.coffee:29:                message: i18n.t("software.update.newVersionAvailable", software.version)
bin/site/api/controllers/v4/feedback.js:25:        message: i18n.t("common.feedback.submitSuccess")
bin/site/api/controllers/v4/feedback.js:54:        message: i18n.t("common.feedback.submitSuccess")
bin/site/api/controllers/v4/lib.js:49:      message: i18n.t("account.license.needUpgradeBeforeContinue")
bin/site/api/controllers/v4/lib.js:165:          message: i18n.t('lib.not_exist')
bin/site/api/controllers/v4/project.coffee:45:        return res.err new Error i18n.t('ent.review.notify.invalid_email')
bin/site/api/controllers/v4/coProject.coffee:30:        return res.err new Error i18n.t('ent.review.notify.invalid_email')
bin/site/api/controllers/v4/project.js:74:      return res.err(new Error(i18n.t('ent.review.notify.invalid_email')));
bin/site/api/controllers/v4/software.js:18:      message: i18n.t("software.update.noUpdate")
bin/site/api/controllers/v4/software.js:38:        message: i18n.t("software.update.noUpdate")
bin/site/api/controllers/v4/software.js:52:            message: i18n.t("software.update.noUpdate")
bin/site/api/controllers/v4/software.js:69:            message: i18n.t("software.update.newVersionAvailable", software.version),
bin/site/api/controllers/v4/software.js:105:            message: i18n.t("software.update.newVersionAvailable", software.version),
bin/site/api/controllers/v4/software.js:139:            message: i18n.t("software.update.newVersionAvailable", software.version),
bin/site/api/controllers/v4/coProject.js:50:      return res.err(new Error(i18n.t('ent.review.notify.invalid_email')));
bin/site/api/controllers/v4/coProjectSync.coffee:45:                    message: i18n.t('ent.sync.no_need')
bin/site/api/controllers/v4/coProjectSync.js:66:            message: i18n.t('ent.sync.no_need')
bin/site/api/controllers/v4/lib.coffee:37:        message: i18n.t("account.license.needUpgradeBeforeContinue")
bin/site/api/controllers/v4/lib.coffee:112:                message: i18n.t('lib.not_exist')
bin/site/api/controllers/v4/feedback.coffee:16:            message: i18n.t("common.feedback.submitSuccess")
bin/site/api/controllers/v4/feedback.coffee:38:            message: i18n.t("common.feedback.submitSuccess")
bin/site/api/controllers/v4/software.coffee:10:        message: i18n.t("software.update.noUpdate")
bin/site/api/controllers/v4/software.coffee:24:            message: i18n.t("software.update.noUpdate")
bin/site/api/controllers/v4/software.coffee:36:                    message: i18n.t("software.update.noUpdate")
bin/site/api/controllers/v4/software.coffee:51:                    message: i18n.t("software.update.newVersionAvailable", software.version)
bin/site/api/controllers/v4/software.coffee:79:                    message: i18n.t("software.update.newVersionAvailable", software.version)
bin/site/api/controllers/v4/software.coffee:104:                    message: i18n.t("software.update.newVersionAvailable", software.version)
bin/site/api/controllers/v3/feedback.js:25:        message: i18n.t("common.feedback.submitSuccess")
bin/site/api/controllers/v3/feedback.js:54:        message: i18n.t("common.feedback.submitSuccess")
bin/site/api/controllers/v3/lib.js:49:      message: i18n.t("account.license.needUpgradeBeforeContinue")
bin/site/api/controllers/v3/lib.js:165:          message: i18n.t('lib.not_exist')
bin/site/api/controllers/v3/project.coffee:45:        return res.err new Error i18n.t('ent.review.notify.invalid_email')
bin/site/api/controllers/v3/coProject.coffee:30:        return res.err new Error i18n.t('ent.review.notify.invalid_email')
bin/site/api/controllers/v3/project.js:74:      return res.err(new Error(i18n.t('ent.review.notify.invalid_email')));
bin/site/api/controllers/v3/software.js:18:      message: i18n.t("software.update.noUpdate")
bin/site/api/controllers/v3/software.js:38:        message: i18n.t("software.update.noUpdate")
bin/site/api/controllers/v3/software.js:52:            message: i18n.t("software.update.noUpdate")
bin/site/api/controllers/v3/software.js:69:            message: i18n.t("software.update.newVersionAvailable", software.version),
bin/site/api/controllers/v3/software.js:105:            message: i18n.t("software.update.newVersionAvailable", software.version),
bin/site/api/controllers/v3/software.js:139:            message: i18n.t("software.update.newVersionAvailable", software.version),
bin/site/api/controllers/v3/coProject.js:50:      return res.err(new Error(i18n.t('ent.review.notify.invalid_email')));
bin/site/api/controllers/v3/coProjectSync.coffee:45:                    message: i18n.t('ent.sync.no_need')
bin/site/api/controllers/v3/coProjectSync.js:66:            message: i18n.t('ent.sync.no_need')
bin/site/api/controllers/v3/lib.coffee:37:        message: i18n.t("account.license.needUpgradeBeforeContinue")
bin/site/api/controllers/v3/lib.coffee:112:                message: i18n.t('lib.not_exist')
bin/site/api/controllers/v3/feedback.coffee:16:            message: i18n.t("common.feedback.submitSuccess")
bin/site/api/controllers/v3/feedback.coffee:38:            message: i18n.t("common.feedback.submitSuccess")
bin/site/api/controllers/v3/software.coffee:10:        message: i18n.t("software.update.noUpdate")
bin/site/api/controllers/v3/software.coffee:24:            message: i18n.t("software.update.noUpdate")
bin/site/api/controllers/v3/software.coffee:36:                    message: i18n.t("software.update.noUpdate")
bin/site/api/controllers/v3/software.coffee:51:                    message: i18n.t("software.update.newVersionAvailable", software.version)
bin/site/api/controllers/v3/software.coffee:79:                    message: i18n.t("software.update.newVersionAvailable", software.version)
bin/site/api/controllers/v3/software.coffee:104:                    message: i18n.t("software.update.newVersionAvailable", software.version)
bin/site/api/controllers/checkexpire.coffee:28:                message: i18n.t("software.license.freeTrialExpired")
bin/site/api/controllers/checkexpire.coffee:32:                message: i18n.t("software.license.notExpired")
bin/site/api/controllers/software.js:16:      message: i18n.t("software.update.noUpdate")
bin/site/api/controllers/software.js:40:            message: i18n.t("software.update.noUpdate")
bin/site/api/controllers/software.js:57:            message: i18n.t("software.update.newVersionAvailable", software.version),
bin/site/api/controllers/software.js:93:            message: i18n.t("software.update.newVersionAvailable", software.version),
bin/site/api/controllers/active.js:22:          message: i18n.t("software.active.success")
bin/site/api/controllers/user.coffee:32:            message: i18n.t("common.ok")
bin/site/api/controllers/user.coffee:50:            message: i18n.t("common.ok")
bin/site/api/controllers/user.coffee:63:            message: i18n.t("common.ok")
bin/site/api/controllers/feedback.coffee:15:            message: i18n.t("common.feedback.submitSuccess")
bin/site/api/controllers/feedback.coffee:37:            message: i18n.t("common.feedback.submitSuccess")
bin/site/api/controllers/software.coffee:9:        message: i18n.t("software.update.noUpdate")
bin/site/api/controllers/software.coffee:28:                    message: i18n.t("software.update.noUpdate")
bin/site/api/controllers/software.coffee:43:                    message: i18n.t("software.update.newVersionAvailable", software.version)
bin/site/api/controllers/software.coffee:71:                    message: i18n.t("software.update.newVersionAvailable", software.version)
bin/Dal/dbUser.js:76:        return cb(new Error(i18n.t("common.error.server.title")));
bin/Dal/dbUser.js:98:        err = new Error(i18n.t("account.login.notExist"));
bin/Dal/dbUser.js:102:        err = new Error(i18n.t("account.login.banned"));
bin/Dal/dbUser.js:126:        err = new Error(i18n.t("account.login.fail"));
bin/Dal/dbUser.js:286:        return cb(new Error(i18n.t("account.resetPwd.oldPasswordNotCorrect")));
bin/Dal/dbUser.js:294:            return cb(new Error(i18n.t("account.resetPwd.oldPasswordNotCorrect")));
bin/Dal/dbUser.js:303:            return cb(new Error(i18n.t("account.resetPwd.oldPasswordNotCorrect")));
bin/Dal/dbCoProjectContributor.js:30:        return cb(new Error(i18n.t('ent.team.has_been_added')));
bin/Dal/dbCoProjectLock.js:87:        return cb(new Error(i18n.t('ent.lock.fail_to_lock')));
bin/Dal/dbCoProject.js:259:        return cb(new Error(i18n.t('ent.sync.busy')));
bin/Dal/dbRetrieveAccount.js:27:        return cb(new Error(i18n.t("common.error.invalidRequest")));
bin/Dal/dbRetrieveAccount.js:56:        return cb(new Error(i18n.t("account.resetPwd.invalidToken")));
bin/Dal/dbRetrieveAccount.js:62:          return cb(new Error(i18n.t("account.resetPwd.expired")));
bin/Dal/dbRetrieveAccount.js:82:        return cb(new Error(i18n.t("account.resetPwd.invalidToken")));
bin/Dal/dbRetrieveAccount.js:91:          return cb(new Error(i18n.t("account.resetPwd.expired")));
bin/Dal/dbOrder.js:98:                  return cb(new Error(i18n.t("software.active.noRemainCount")));
bin/Dal/dbOrder.js:104:            return cb(new Error(i18n.t("software.active.invalidLicense")));
bin/helper/issueDbHelper.js:16:    customError: new Error(i18n.t("common.error.operationFail")),
bin/helper/dbHelper.coffee:10:    customError: new Error(i18n.t("common.error.operationFail"))
bin/helper/dbHelper.coffee:22:    customError: new Error(i18n.t("common.error.operationFail"))
bin/helper/issueDbHelper.coffee:10:    customError: new Error(i18n.t("common.error.operationFail"))
bin/helper/dataHelper.js:47:      return i18n.t("account.error.requirePassword");
bin/helper/dataHelper.js:50:      return i18n.t("account.error.pwdTooShort");
bin/helper/dataHelper.js:53:      return i18n.t("account.error.pwdTooLong");
bin/helper/dataHelper.js:156:      return i18n.t("file.create.error.banChar", ban_char);
bin/helper/dataHelper.js:159:      return i18n.t("file.create.error.requireFileName");
bin/helper/dataHelper.js:161:      return i18n.t("file.create.error.fileNameTooLong", [MAX_FILENAME_LENGTH]);
bin/helper/dataHelper.js:180:      return i18n.t("project.create.error.banChar", ban_char);
bin/helper/dataHelper.js:183:      return i18n.t("project.create.error.requireProjectName");
bin/helper/dataHelper.js:185:      return i18n.t("project.create.error.projectNameTooLong", MAX_PROJECT_NAME_LENGTH);
bin/helper/dataHelper.js:324:      throw new Error(i18n.t('blog.comment.error.contentShouldNotBeEmpty'));
bin/helper/dataHelper.js:327:      throw new Error(i18n.t('blog.comment.error.contentTooLong'));
bin/helper/dataHelper.js:340:      throw new Error(i18n.t('blog.comment.error.userNameShouldNotBeEmpty'));
bin/helper/dataHelper.js:343:      throw new Error(i18n.t('blog.comment.error.userNameTooLong'));
bin/helper/dataHelper.coffee:36:        return i18n.t("account.error.requirePassword")
bin/helper/dataHelper.coffee:39:        return i18n.t("account.error.pwdTooShort")
bin/helper/dataHelper.coffee:42:        return i18n.t("account.error.pwdTooLong")
bin/helper/dataHelper.coffee:131:        return i18n.t("file.create.error.banChar", ban_char)
bin/helper/dataHelper.coffee:134:        return i18n.t("file.create.error.requireFileName")
bin/helper/dataHelper.coffee:136:        return i18n.t("file.create.error.fileNameTooLong", [MAX_FILENAME_LENGTH])
bin/helper/dataHelper.coffee:152:        return i18n.t("project.create.error.banChar", ban_char)
bin/helper/dataHelper.coffee:155:        return i18n.t("project.create.error.requireProjectName")
bin/helper/dataHelper.coffee:157:        return i18n.t("project.create.error.projectNameTooLong", MAX_PROJECT_NAME_LENGTH)
bin/helper/dataHelper.coffee:255:        throw new Error(i18n.t('blog.comment.error.contentShouldNotBeEmpty'))
bin/helper/dataHelper.coffee:257:        throw new Error(i18n.t('blog.comment.error.contentTooLong'))
bin/helper/dataHelper.coffee:266:        throw new Error(i18n.t('blog.comment.error.userNameShouldNotBeEmpty'))
bin/helper/dataHelper.coffee:268:        throw new Error(i18n.t('blog.comment.error.userNameTooLong'))
bin/helper/errs.js:35:      AuthRequired.__super__.constructor.call(this, this.constructor.name, $errCode.authRequired, i18n.t("common.error.needAuth"), para || arguments.callee.caller["arguments"]);
bin/helper/errs.js:46:      InvalidRequest.__super__.constructor.call(this, this.constructor.name, $errCode.invalidRequest, errMsg || i18n.t("common.error.invalidRequest"), para || arguments.callee.caller["arguments"]);
bin/helper/errs.js:57:      PayRequired.__super__.constructor.call(this, this.constructor.name, $errCode.needPayToContinue, i18n.t("account.license.needUpgradeBeforeContinue"), para || arguments.callee.caller["arguments"]);
bin/helper/errs.js:68:      IllegalRequest.__super__.constructor.call(this, this.constructor.name, $errCode.needPayToContinue, i18n.t("common.error.illegalRequest"), para || arguments.callee.caller["arguments"]);
bin/helper/dbHelper.js:16:    customError: new Error(i18n.t("common.error.operationFail")),
bin/helper/dbHelper.js:30:    customError: new Error(i18n.t("common.error.operationFail")),
bin/helper/errs.coffee:19:        super(@constructor.name, $errCode.authRequired, i18n.t("common.error.needAuth"), para or arguments.callee.caller.arguments)
bin/helper/errs.coffee:23:        super(@constructor.name, $errCode.invalidRequest, errMsg or i18n.t("common.error.invalidRequest"), para or arguments.callee.caller.arguments)
bin/helper/errs.coffee:27:        super(@constructor.name, $errCode.needPayToContinue, i18n.t("account.license.needUpgradeBeforeContinue"), para or arguments.callee.caller.arguments)
bin/helper/errs.coffee:31:        super(@constructor.name, $errCode.needPayToContinue, i18n.t("common.error.illegalRequest"), para or arguments.callee.caller.arguments)
bin/helper/apiHelper.js:32:          message: i18n.t("common.ok")
bin/helper/apiHelper.js:36:        data.message = i18n.t("common.ok");
bin/helper/apiHelper.js:50:          message: i18n.t("common.ok")
bin/helper/apiHelper.coffee:21:                message: i18n.t("common.ok")
bin/helper/apiHelper.coffee:24:            data.message = i18n.t("common.ok")
bin/helper/apiHelper.coffee:35:                message: i18n.t("common.ok")
bin/filter.js:65:          message: i18n.t("account.license.needUpgradeBeforeContinue")
bin/filter.js:76:        message: i18n.t("common.error.needAuth")
bin/filter.js:97:        message: i18n.t("common.error.needAuth")
bin/filter.js:126:        message: i18n.t("common.error.needAuth")
bin/services/mail.coffee:169:                subject: i18n.t("emails.emailVerify.subject")
bin/services/mail.coffee:175:                subject: i18n.t("emails.emailVerify.subject")
bin/services/mail.coffee:280:            subject: i18n.t("emails.invite.subject", info.inviteBy.name)
bin/services/mail.js:239:          subject: i18n.t("emails.emailVerify.subject"),
bin/services/mail.js:245:          subject: i18n.t("emails.emailVerify.subject"),
bin/services/mail.js:390:        subject: i18n.t("emails.invite.subject", info.inviteBy.name),
site/www/controllers/s.coffee:42:                            title: i18n.t('report.title')
site/www/controllers/s.coffee:141:                    title: i18n.t('report.title')
site/www/controllers/s.coffee:157:                title: i18n.t('report.title')
site/www/controllers/s.coffee:216:            title: i18n.t('report.rank.title')
site/www/controllers/s.js:68:                title: i18n.t('report.title'),
site/www/controllers/s.js:232:            title: i18n.t('report.title'),
site/www/controllers/s.js:259:          title: i18n.t('report.title'),
site/www/controllers/s.js:346:        title: i18n.t('report.rank.title'),
site/www/controllers/s/thread.coffee:71:                title: i18n.t('report.new.new_title')
site/www/controllers/s/thread.coffee:373:                title: i18n.t('report.admin.thread.edit_title')
site/www/controllers/s/board.js:58:        title: i18n.t("report.admin.board.new_title"),
site/www/controllers/s/board.js:64:        throw new errs.InvalidFormData(i18n.t("report.admin.board.fail"));
site/www/controllers/s/board.js:271:        throw new errs.InvalidFormData(i18n.t('report.admin.label.fail'));
site/www/controllers/s/board.js:293:        title: i18n.t('report.admin.label.title'),
site/www/controllers/s/board.js:384:              title: i18n.t('report.admin.member.title'),
site/www/controllers/s/board.js:398:            title: i18n.t('report.admin.member.title'),
site/www/controllers/s/board.js:411:            title: i18n.t('report.admin.member.title'),
site/www/controllers/s/board.js:423:              title: i18n.t('report.admin.member.title'),
site/www/controllers/s/board.js:427:              error: errorMails.length > 0 ? i18n.t('report.admin.member.fail_to_add') : '',
site/www/controllers/s/thread.js:109:          title: i18n.t('report.new.new_title'),
site/www/controllers/s/thread.js:580:          title: i18n.t('report.admin.thread.edit_title'),
site/www/controllers/s/board.coffee:37:            title: i18n.t("report.admin.board.new_title")
site/www/controllers/s/board.coffee:42:            throw new errs.InvalidFormData(i18n.t("report.admin.board.fail"))
site/www/controllers/s/board.coffee:180:            throw new errs.InvalidFormData(i18n.t('report.admin.label.fail'))
site/www/controllers/s/board.coffee:194:            title: i18n.t('report.admin.label.title')
site/www/controllers/s/board.coffee:257:                        title: i18n.t('report.admin.member.title')
site/www/controllers/s/board.coffee:266:                    title: i18n.t('report.admin.member.title')
site/www/controllers/s/board.coffee:276:                    title: i18n.t('report.admin.member.title')
site/www/controllers/s/board.coffee:285:                        title: i18n.t('report.admin.member.title')
site/www/controllers/s/board.coffee:289:                        error: if errorMails.length > 0 then i18n.t('report.admin.member.fail_to_add') else ''
site/www/controllers/api/user.js:60:        message: i18n.t("common.ok"),
site/www/controllers/api/user.js:89:        message: i18n.t("common.ok"),
site/www/controllers/api/user.js:132:        message: i18n.t("common.ok"),
site/www/controllers/api/user.js:178:        message: i18n.t("common.error.invalidRequest")
site/www/controllers/api/user.js:202:            message: i18n.t("common.ok")
site/www/controllers/api/user.js:209:        message: i18n.t("common.error.invalidRequest")
site/www/controllers/api/user.js:227:            message: i18n.t("common.ok"),
site/www/controllers/api/user.js:235:        message: i18n.t("common.ok"),
site/www/controllers/api/support.js:39:        message: i18n.t("common.feedback.submitSuccess")
site/www/controllers/api/support.coffee:26:            message: i18n.t("common.feedback.submitSuccess")
site/www/controllers/api/software.js:34:        message: i18n.t("common.ok"),
site/www/controllers/api/software.js:60:        message: i18n.t("common.ok"),
site/www/controllers/api/user.coffee:42:            message: i18n.t("common.ok")
site/www/controllers/api/user.coffee:61:            message: i18n.t("common.ok")
site/www/controllers/api/user.coffee:90:            message: i18n.t("common.ok")
site/www/controllers/api/user.coffee:122:            message: i18n.t("common.error.invalidRequest")
site/www/controllers/api/user.coffee:139:                    message: i18n.t("common.ok")
site/www/controllers/api/user.coffee:143:            message: i18n.t("common.error.invalidRequest")
site/www/controllers/api/user.coffee:156:                    message: i18n.t("common.ok")
site/www/controllers/api/user.coffee:161:            message: i18n.t("common.ok")
site/www/controllers/api/software.coffee:22:            message: i18n.t("common.ok")
site/www/controllers/api/software.coffee:39:            message: i18n.t("common.ok")
site/api/index.js:92:            message: i18n.t("common.error.fileTooLarge")
site/api/controllers/checkupdate.js:27:          message: i18n.t("software.update.noUpdate")
site/api/controllers/checkupdate.js:32:          message: i18n.t("software.update.newVersionAvailable", software.version),
site/api/controllers/active.coffee:14:                message: i18n.t("software.active.success")
site/api/controllers/feedback.js:23:        message: i18n.t("common.feedback.submitSuccess")
site/api/controllers/feedback.js:52:        message: i18n.t("common.feedback.submitSuccess")
site/api/controllers/user.js:46:        message: i18n.t("common.ok"),
site/api/controllers/user.js:72:        message: i18n.t("common.ok"),
site/api/controllers/user.js:92:        message: i18n.t("common.ok"),
site/api/controllers/v2/feedback.js:25:        message: i18n.t("common.feedback.submitSuccess")
site/api/controllers/v2/feedback.js:54:        message: i18n.t("common.feedback.submitSuccess")
site/api/controllers/v2/lib.js:49:      message: i18n.t("account.license.needUpgradeBeforeContinue")
site/api/controllers/v2/lib.js:165:          message: i18n.t('lib.not_exist')
site/api/controllers/v2/software.js:18:      message: i18n.t("software.update.noUpdate")
site/api/controllers/v2/software.js:42:            message: i18n.t("software.update.noUpdate")
site/api/controllers/v2/software.js:59:            message: i18n.t("software.update.newVersionAvailable", software.version),
site/api/controllers/v2/software.js:95:            message: i18n.t("software.update.newVersionAvailable", software.version),
site/api/controllers/v2/lib.coffee:37:        message: i18n.t("account.license.needUpgradeBeforeContinue")
site/api/controllers/v2/lib.coffee:112:                message: i18n.t('lib.not_exist')
site/api/controllers/v2/feedback.coffee:16:            message: i18n.t("common.feedback.submitSuccess")
site/api/controllers/v2/feedback.coffee:38:            message: i18n.t("common.feedback.submitSuccess")
site/api/controllers/v2/software.coffee:10:        message: i18n.t("software.update.noUpdate")
site/api/controllers/v2/software.coffee:29:                    message: i18n.t("software.update.noUpdate")
site/api/controllers/v2/software.coffee:44:                    message: i18n.t("software.update.newVersionAvailable", software.version)
site/api/controllers/v2/software.coffee:72:                    message: i18n.t("software.update.newVersionAvailable", software.version)
site/api/controllers/v5/feedback.js:25:        message: i18n.t("common.feedback.submitSuccess")
site/api/controllers/v5/feedback.js:54:        message: i18n.t("common.feedback.submitSuccess")
site/api/controllers/v5/lib.js:49:      message: i18n.t("account.license.needUpgradeBeforeContinue")
site/api/controllers/v5/lib.js:165:          message: i18n.t('lib.not_exist')
site/api/controllers/v5/project.coffee:45:        return res.err new Error i18n.t('ent.review.notify.invalid_email')
site/api/controllers/v5/coProject.coffee:30:        return res.err new Error i18n.t('ent.review.notify.invalid_email')
site/api/controllers/v5/project.js:74:      return res.err(new Error(i18n.t('ent.review.notify.invalid_email')));
site/api/controllers/v5/software.js:18:      message: i18n.t("software.update.noUpdate")
site/api/controllers/v5/software.js:38:        message: i18n.t("software.update.noUpdate")
site/api/controllers/v5/software.js:52:            message: i18n.t("software.update.noUpdate")
site/api/controllers/v5/software.js:69:            message: i18n.t("software.update.newVersionAvailable", software.version),
site/api/controllers/v5/software.js:105:            message: i18n.t("software.update.newVersionAvailable", software.version),
site/api/controllers/v5/software.js:139:            message: i18n.t("software.update.newVersionAvailable", software.version),
site/api/controllers/v5/coProject.js:50:      return res.err(new Error(i18n.t('ent.review.notify.invalid_email')));
site/api/controllers/v5/coProjectSync.coffee:45:                    message: i18n.t('ent.sync.no_need')
site/api/controllers/v5/coProjectSync.js:66:            message: i18n.t('ent.sync.no_need')
site/api/controllers/v5/lib.coffee:37:        message: i18n.t("account.license.needUpgradeBeforeContinue")
site/api/controllers/v5/lib.coffee:112:                message: i18n.t('lib.not_exist')
site/api/controllers/v5/feedback.coffee:16:            message: i18n.t("common.feedback.submitSuccess")
site/api/controllers/v5/feedback.coffee:38:            message: i18n.t("common.feedback.submitSuccess")
site/api/controllers/v5/software.coffee:10:        message: i18n.t("software.update.noUpdate")
site/api/controllers/v5/software.coffee:24:            message: i18n.t("software.update.noUpdate")
site/api/controllers/v5/software.coffee:36:                    message: i18n.t("software.update.noUpdate")
site/api/controllers/v5/software.coffee:51:                    message: i18n.t("software.update.newVersionAvailable", software.version)
site/api/controllers/v5/software.coffee:79:                    message: i18n.t("software.update.newVersionAvailable", software.version)
site/api/controllers/v5/software.coffee:104:                    message: i18n.t("software.update.newVersionAvailable", software.version)
site/api/controllers/checkexpire.js:38:          message: i18n.t("software.license.freeTrialExpired")
site/api/controllers/checkexpire.js:43:          message: i18n.t("software.license.notExpired")
site/api/controllers/checkupdate.coffee:25:                message: i18n.t("software.update.noUpdate")
site/api/controllers/checkupdate.coffee:29:                message: i18n.t("software.update.newVersionAvailable", software.version)
site/api/controllers/v4/feedback.js:25:        message: i18n.t("common.feedback.submitSuccess")
site/api/controllers/v4/feedback.js:54:        message: i18n.t("common.feedback.submitSuccess")
site/api/controllers/v4/lib.js:49:      message: i18n.t("account.license.needUpgradeBeforeContinue")
site/api/controllers/v4/lib.js:165:          message: i18n.t('lib.not_exist')
site/api/controllers/v4/project.coffee:45:        return res.err new Error i18n.t('ent.review.notify.invalid_email')
site/api/controllers/v4/coProject.coffee:30:        return res.err new Error i18n.t('ent.review.notify.invalid_email')
site/api/controllers/v4/project.js:74:      return res.err(new Error(i18n.t('ent.review.notify.invalid_email')));
site/api/controllers/v4/software.js:18:      message: i18n.t("software.update.noUpdate")
site/api/controllers/v4/software.js:38:        message: i18n.t("software.update.noUpdate")
site/api/controllers/v4/software.js:52:            message: i18n.t("software.update.noUpdate")
site/api/controllers/v4/software.js:69:            message: i18n.t("software.update.newVersionAvailable", software.version),
site/api/controllers/v4/software.js:105:            message: i18n.t("software.update.newVersionAvailable", software.version),
site/api/controllers/v4/software.js:139:            message: i18n.t("software.update.newVersionAvailable", software.version),
site/api/controllers/v4/coProject.js:50:      return res.err(new Error(i18n.t('ent.review.notify.invalid_email')));
site/api/controllers/v4/coProjectSync.coffee:45:                    message: i18n.t('ent.sync.no_need')
site/api/controllers/v4/coProjectSync.js:66:            message: i18n.t('ent.sync.no_need')
site/api/controllers/v4/lib.coffee:37:        message: i18n.t("account.license.needUpgradeBeforeContinue")
site/api/controllers/v4/lib.coffee:112:                message: i18n.t('lib.not_exist')
site/api/controllers/v4/feedback.coffee:16:            message: i18n.t("common.feedback.submitSuccess")
site/api/controllers/v4/feedback.coffee:38:            message: i18n.t("common.feedback.submitSuccess")
site/api/controllers/v4/software.coffee:10:        message: i18n.t("software.update.noUpdate")
site/api/controllers/v4/software.coffee:24:            message: i18n.t("software.update.noUpdate")
site/api/controllers/v4/software.coffee:36:                    message: i18n.t("software.update.noUpdate")
site/api/controllers/v4/software.coffee:51:                    message: i18n.t("software.update.newVersionAvailable", software.version)
site/api/controllers/v4/software.coffee:79:                    message: i18n.t("software.update.newVersionAvailable", software.version)
site/api/controllers/v4/software.coffee:104:                    message: i18n.t("software.update.newVersionAvailable", software.version)
site/api/controllers/v3/feedback.js:25:        message: i18n.t("common.feedback.submitSuccess")
site/api/controllers/v3/feedback.js:54:        message: i18n.t("common.feedback.submitSuccess")
site/api/controllers/v3/lib.js:49:      message: i18n.t("account.license.needUpgradeBeforeContinue")
site/api/controllers/v3/lib.js:165:          message: i18n.t('lib.not_exist')
site/api/controllers/v3/project.coffee:45:        return res.err new Error i18n.t('ent.review.notify.invalid_email')
site/api/controllers/v3/coProject.coffee:30:        return res.err new Error i18n.t('ent.review.notify.invalid_email')
site/api/controllers/v3/project.js:74:      return res.err(new Error(i18n.t('ent.review.notify.invalid_email')));
site/api/controllers/v3/software.js:18:      message: i18n.t("software.update.noUpdate")
site/api/controllers/v3/software.js:38:        message: i18n.t("software.update.noUpdate")
site/api/controllers/v3/software.js:52:            message: i18n.t("software.update.noUpdate")
site/api/controllers/v3/software.js:69:            message: i18n.t("software.update.newVersionAvailable", software.version),
site/api/controllers/v3/software.js:105:            message: i18n.t("software.update.newVersionAvailable", software.version),
site/api/controllers/v3/software.js:139:            message: i18n.t("software.update.newVersionAvailable", software.version),
site/api/controllers/v3/coProject.js:50:      return res.err(new Error(i18n.t('ent.review.notify.invalid_email')));
site/api/controllers/v3/coProjectSync.coffee:45:                    message: i18n.t('ent.sync.no_need')
site/api/controllers/v3/coProjectSync.js:66:            message: i18n.t('ent.sync.no_need')
site/api/controllers/v3/lib.coffee:37:        message: i18n.t("account.license.needUpgradeBeforeContinue")
site/api/controllers/v3/lib.coffee:112:                message: i18n.t('lib.not_exist')
site/api/controllers/v3/feedback.coffee:16:            message: i18n.t("common.feedback.submitSuccess")
site/api/controllers/v3/feedback.coffee:38:            message: i18n.t("common.feedback.submitSuccess")
site/api/controllers/v3/software.coffee:10:        message: i18n.t("software.update.noUpdate")
site/api/controllers/v3/software.coffee:24:            message: i18n.t("software.update.noUpdate")
site/api/controllers/v3/software.coffee:36:                    message: i18n.t("software.update.noUpdate")
site/api/controllers/v3/software.coffee:51:                    message: i18n.t("software.update.newVersionAvailable", software.version)
site/api/controllers/v3/software.coffee:79:                    message: i18n.t("software.update.newVersionAvailable", software.version)
site/api/controllers/v3/software.coffee:104:                    message: i18n.t("software.update.newVersionAvailable", software.version)
site/api/controllers/checkexpire.coffee:28:                message: i18n.t("software.license.freeTrialExpired")
site/api/controllers/checkexpire.coffee:32:                message: i18n.t("software.license.notExpired")
site/api/controllers/software.js:16:      message: i18n.t("software.update.noUpdate")
site/api/controllers/software.js:40:            message: i18n.t("software.update.noUpdate")
site/api/controllers/software.js:57:            message: i18n.t("software.update.newVersionAvailable", software.version),
site/api/controllers/software.js:93:            message: i18n.t("software.update.newVersionAvailable", software.version),
site/api/controllers/active.js:22:          message: i18n.t("software.active.success")
site/api/controllers/user.coffee:32:            message: i18n.t("common.ok")
site/api/controllers/user.coffee:50:            message: i18n.t("common.ok")
site/api/controllers/user.coffee:63:            message: i18n.t("common.ok")
site/api/controllers/feedback.coffee:15:            message: i18n.t("common.feedback.submitSuccess")
site/api/controllers/feedback.coffee:37:            message: i18n.t("common.feedback.submitSuccess")
site/api/controllers/software.coffee:9:        message: i18n.t("software.update.noUpdate")
site/api/controllers/software.coffee:28:                    message: i18n.t("software.update.noUpdate")
site/api/controllers/software.coffee:43:                    message: i18n.t("software.update.newVersionAvailable", software.version)
site/api/controllers/software.coffee:71:                    message: i18n.t("software.update.newVersionAvailable", software.version)
Dal/dbCoProject.coffee:253:            return cb new Error i18n.t('ent.sync.busy')
Dal/dbCoProjectLock.coffee:72:            return cb new Error i18n.t('ent.lock.fail_to_lock')
Dal/dbRetrieveAccount.coffee:23:            cb new Error(i18n.t("common.error.invalidRequest"))
Dal/dbRetrieveAccount.coffee:58:            cb new Error(i18n.t("account.resetPwd.invalidToken"))
Dal/dbRetrieveAccount.coffee:64:                cb new Error(i18n.t("account.resetPwd.expired"))
Dal/dbRetrieveAccount.coffee:82:            cb new Error(i18n.t("account.resetPwd.invalidToken"))
Dal/dbRetrieveAccount.coffee:96:                cb new Error(i18n.t("account.resetPwd.expired"))
Dal/dbUser.coffee:82:            cb new Error(i18n.t("common.error.server.title"))
Dal/dbUser.coffee:104:            err = new Error(i18n.t("account.login.notExist"))
Dal/dbUser.coffee:108:            err = new Error(i18n.t("account.login.banned"))
Dal/dbUser.coffee:126:            err = new Error(i18n.t("account.login.fail"))
Dal/dbUser.coffee:299:            cb new Error(i18n.t("account.resetPwd.oldPasswordNotCorrect"))
Dal/dbUser.coffee:306:                    cb new Error(i18n.t("account.resetPwd.oldPasswordNotCorrect"))
Dal/dbUser.coffee:313:                    cb new Error(i18n.t("account.resetPwd.oldPasswordNotCorrect"))
Dal/dbUser.js:76:        return cb(new Error(i18n.t("common.error.server.title")));
Dal/dbUser.js:98:        err = new Error(i18n.t("account.login.notExist"));
Dal/dbUser.js:102:        err = new Error(i18n.t("account.login.banned"));
Dal/dbUser.js:126:        err = new Error(i18n.t("account.login.fail"));
Dal/dbUser.js:286:        return cb(new Error(i18n.t("account.resetPwd.oldPasswordNotCorrect")));
Dal/dbUser.js:294:            return cb(new Error(i18n.t("account.resetPwd.oldPasswordNotCorrect")));
Dal/dbUser.js:303:            return cb(new Error(i18n.t("account.resetPwd.oldPasswordNotCorrect")));
Dal/dbCoProjectContributor.coffee:26:            return cb new Error i18n.t('ent.team.has_been_added')
Dal/dbCoProjectContributor.js:30:        return cb(new Error(i18n.t('ent.team.has_been_added')));
Dal/dbCoProjectLock.js:87:        return cb(new Error(i18n.t('ent.lock.fail_to_lock')));
Dal/dbOrder.coffee:106:                                cb(new Error(i18n.t("software.active.noRemainCount")))
Dal/dbOrder.coffee:110:                    cb(new Error(i18n.t("software.active.invalidLicense")))
Dal/dbCoProject.js:259:        return cb(new Error(i18n.t('ent.sync.busy')));
Dal/dbRetrieveAccount.js:27:        return cb(new Error(i18n.t("common.error.invalidRequest")));
Dal/dbRetrieveAccount.js:56:        return cb(new Error(i18n.t("account.resetPwd.invalidToken")));
Dal/dbRetrieveAccount.js:62:          return cb(new Error(i18n.t("account.resetPwd.expired")));
Dal/dbRetrieveAccount.js:82:        return cb(new Error(i18n.t("account.resetPwd.invalidToken")));
Dal/dbRetrieveAccount.js:91:          return cb(new Error(i18n.t("account.resetPwd.expired")));
Dal/dbOrder.js:98:                  return cb(new Error(i18n.t("software.active.noRemainCount")));
Dal/dbOrder.js:104:            return cb(new Error(i18n.t("software.active.invalidLicense")));
helper/issueDbHelper.js:16:    customError: new Error(i18n.t("common.error.operationFail")),
helper/dbHelper.coffee:10:    customError: new Error(i18n.t("common.error.operationFail"))
helper/dbHelper.coffee:22:    customError: new Error(i18n.t("common.error.operationFail"))
helper/issueDbHelper.coffee:10:    customError: new Error(i18n.t("common.error.operationFail"))
helper/dataHelper.js:47:      return i18n.t("account.error.requirePassword");
helper/dataHelper.js:50:      return i18n.t("account.error.pwdTooShort");
helper/dataHelper.js:53:      return i18n.t("account.error.pwdTooLong");
helper/dataHelper.js:156:      return i18n.t("file.create.error.banChar", ban_char);
helper/dataHelper.js:159:      return i18n.t("file.create.error.requireFileName");
helper/dataHelper.js:161:      return i18n.t("file.create.error.fileNameTooLong", [MAX_FILENAME_LENGTH]);
helper/dataHelper.js:180:      return i18n.t("project.create.error.banChar", ban_char);
helper/dataHelper.js:183:      return i18n.t("project.create.error.requireProjectName");
helper/dataHelper.js:185:      return i18n.t("project.create.error.projectNameTooLong", MAX_PROJECT_NAME_LENGTH);
helper/dataHelper.js:324:      throw new Error(i18n.t('blog.comment.error.contentShouldNotBeEmpty'));
helper/dataHelper.js:327:      throw new Error(i18n.t('blog.comment.error.contentTooLong'));
helper/dataHelper.js:340:      throw new Error(i18n.t('blog.comment.error.userNameShouldNotBeEmpty'));
helper/dataHelper.js:343:      throw new Error(i18n.t('blog.comment.error.userNameTooLong'));
helper/dataHelper.coffee:36:        return i18n.t("account.error.requirePassword")
helper/dataHelper.coffee:39:        return i18n.t("account.error.pwdTooShort")
helper/dataHelper.coffee:42:        return i18n.t("account.error.pwdTooLong")
helper/dataHelper.coffee:131:        return i18n.t("file.create.error.banChar", ban_char)
helper/dataHelper.coffee:134:        return i18n.t("file.create.error.requireFileName")
helper/dataHelper.coffee:136:        return i18n.t("file.create.error.fileNameTooLong", [MAX_FILENAME_LENGTH])
helper/dataHelper.coffee:152:        return i18n.t("project.create.error.banChar", ban_char)
helper/dataHelper.coffee:155:        return i18n.t("project.create.error.requireProjectName")
helper/dataHelper.coffee:157:        return i18n.t("project.create.error.projectNameTooLong", MAX_PROJECT_NAME_LENGTH)
helper/dataHelper.coffee:255:        throw new Error(i18n.t('blog.comment.error.contentShouldNotBeEmpty'))
helper/dataHelper.coffee:257:        throw new Error(i18n.t('blog.comment.error.contentTooLong'))
helper/dataHelper.coffee:266:        throw new Error(i18n.t('blog.comment.error.userNameShouldNotBeEmpty'))
helper/dataHelper.coffee:268:        throw new Error(i18n.t('blog.comment.error.userNameTooLong'))
helper/errs.js:35:      AuthRequired.__super__.constructor.call(this, this.constructor.name, $errCode.authRequired, i18n.t("common.error.needAuth"), para || arguments.callee.caller["arguments"]);
helper/errs.js:46:      InvalidRequest.__super__.constructor.call(this, this.constructor.name, $errCode.invalidRequest, errMsg || i18n.t("common.error.invalidRequest"), para || arguments.callee.caller["arguments"]);
helper/errs.js:57:      PayRequired.__super__.constructor.call(this, this.constructor.name, $errCode.needPayToContinue, i18n.t("account.license.needUpgradeBeforeContinue"), para || arguments.callee.caller["arguments"]);
helper/errs.js:68:      IllegalRequest.__super__.constructor.call(this, this.constructor.name, $errCode.needPayToContinue, i18n.t("common.error.illegalRequest"), para || arguments.callee.caller["arguments"]);
helper/dbHelper.js:16:    customError: new Error(i18n.t("common.error.operationFail")),
helper/dbHelper.js:30:    customError: new Error(i18n.t("common.error.operationFail")),
helper/errs.coffee:19:        super(@constructor.name, $errCode.authRequired, i18n.t("common.error.needAuth"), para or arguments.callee.caller.arguments)
helper/errs.coffee:23:        super(@constructor.name, $errCode.invalidRequest, errMsg or i18n.t("common.error.invalidRequest"), para or arguments.callee.caller.arguments)
helper/errs.coffee:27:        super(@constructor.name, $errCode.needPayToContinue, i18n.t("account.license.needUpgradeBeforeContinue"), para or arguments.callee.caller.arguments)
helper/errs.coffee:31:        super(@constructor.name, $errCode.needPayToContinue, i18n.t("common.error.illegalRequest"), para or arguments.callee.caller.arguments)
helper/apiHelper.js:32:          message: i18n.t("common.ok")
helper/apiHelper.js:36:        data.message = i18n.t("common.ok");
helper/apiHelper.js:50:          message: i18n.t("common.ok")
helper/apiHelper.coffee:21:                message: i18n.t("common.ok")
helper/apiHelper.coffee:24:            data.message = i18n.t("common.ok")
helper/apiHelper.coffee:35:                message: i18n.t("common.ok")
filter.js:65:          message: i18n.t("account.license.needUpgradeBeforeContinue")
filter.js:76:        message: i18n.t("common.error.needAuth")
filter.js:97:        message: i18n.t("common.error.needAuth")
filter.js:126:        message: i18n.t("common.error.needAuth")
services/mail.coffee:169:                subject: i18n.t("emails.emailVerify.subject")
services/mail.coffee:175:                subject: i18n.t("emails.emailVerify.subject")
services/mail.coffee:280:            subject: i18n.t("emails.invite.subject", info.inviteBy.name)
services/mail.js:239:          subject: i18n.t("emails.emailVerify.subject"),
services/mail.js:245:          subject: i18n.t("emails.emailVerify.subject"),
services/mail.js:390:        subject: i18n.t("emails.invite.subject", info.inviteBy.name),
.idea/libraries/Generated_files.xml:491:        <item url="file://$PROJECT_DIR$/test/utils/i18n.test.js" />
.idea/libraries/Generated_files.xml:1373:      <root url="file://$PROJECT_DIR$/test/utils/i18n.test.js" />
.idea/workspace.xml:176:      <find>i18n.t</find>
