lang
test.format
common.err
common.error.checkForm
common.error.server.message
common.title.register
common.title.login
common.title.resetPwd
common.title.policy
common.share.file
common.share.referral
account.email
account.password
account.tourist
account.register.emailHasExist
account.register.nameTooShort
account.register.pwdNotMatch
account.register.confirm
account.register.agreement.first
account.register.agreement.second
account.register.haveNotAgree
account.register.haveAccount.first
account.register.haveAccount.second
account.login.rememberMe
account.login.forgetPwd
account.login.findPwd
account.login.noAccount.first
account.login.noAccount.second
account.forgetPwd.title
account.forgetPwd.fillEmail
account.forgetPwd.accountNotExist
account.forgetPwd.submitSuccess
account.forgetPwd.submit
account.forgetPwd.sentEmail.first
account.forgetPwd.sentEmail.second
account.forgetPwd.checkEmail
account.forgetPwd.return
account.resetPwd.title
account.resetPwd.newPassword
account.resetPwd.confirm
account.resetPwd.reset
account.resetPwd.resetSuccess
account.resetPwd.reLogin
account.resetPwd.invalidRequest
account.resetPwd.invalidRequestReason
account.resetPwd.reason.first
account.resetPwd.reason.second
account.resetPwd.reason.third
account.resetPwd.reapply
account.resetPwd.relogin
account.confirm.title
account.confirm.btn
account.confirm.confirmSuccess.title
account.confirm.confirmSuccess.content
account.confirm.invalidRequest.title
account.confirm.invalidRequest.reason
account.confirm.invalidRequest.reasonOne
account.confirm.invalidRequest.reasonTwo
account.confirm.invalidRequest.reasonThree
account.license.licenseExpired
account.referral.error.invalid
account.referral.error.exist
account.referral.error.invited
account.referral.error.fail
software.update.newVersionAvailable
software.active.invalidMacAddress
software.license.retrieve.requireEmail
software.license.retrieve.willSendLicenseKeyToEmail
software.license.retrieve.haveNotBuy
software.webApp.pro.features.f1
software.webApp.pro.features.f2
software.webApp.pro.features.f3
software.webApp.pro.features.f4
software.webApp.pro.features.f5
software.purchase.desktop.success
software.purchase.desktop.canceled
software.purchase.webApp.success
software.purchase.webApp.buyMockupOnline
software.purchase.webApp.buyMockupOnlineForOneYear
software.purchase.webApp.monthMustBePositive
software.purchase.error.paymentError
software.purchase.error.requireEmail
software.purchase.error.payPalPaymentError
project.create.success
project.create.error.projectNameTooLong
project.create.error.projectExist
project.create.error.tooMuchProjects
project.create.error.banChar
project.noProject
project.emptyProject
project.upgradeBeforeSetPrivate
project.previewMode
project.canNotEdit.title
project.canNotEdit.desc
project.canNotEdit.reason1
project.canNotEdit.reason2
project.canNotEdit.back
project.canNotEdit.myDesign
file.create.success
file.create.error.fileExist
file.create.error.fileNameTooLong
file.create.error.tooMuchFiles
file.create.error.banChar
file.save.success
file.delete.success
file.fileNotFound
file.review.noReview
file.review.invalidReview
file.review.invalidReply
blog.comment.commentFail
blog.comment.commentSuccess
blog.comment.error.requireName
blog.comment.error.requireEmail
blog.comment.error.requireContent
page.homepage.title
page.homepage.slogan
page.blog.title
page.blog.latest
page.menu.project
page.menu.upgrade
page.menu.account
page.menu.review
page.menu.invite
page.menu.invited
page.menu.contacts
page.menu.signout
page.menu.help
page.menu.community
page.menu.skill
page.home.title
page.home.new
page.home.rename
page.home.share
page.home.clone
page.home.delete
page.home.run
page.home.mockup
page.home.mockups
page.home.empty
page.home.shareLink
page.home.review
page.home.phone
page.home.tablet
page.home.noProject.first
page.home.noProject.second
page.project.title
page.project.mockItUp
page.project.privacy
page.project.public
page.project.revision
page.project.delete
page.project.share
page.project.zoom
page.project.shareLink
page.project.modify
page.project.preview
page.project.design
page.project.run
page.project.noFile.first
page.project.noFile.second
page.account.title
page.account.email
page.account.changePwd
page.account.changeAvatar
page.account.changeNameSuccess
page.account.verify
page.account.checkEmail
page.account.noEmail
page.account.project.info.total
page.account.project.info.private
page.account.project.info.public
page.account.project.bar.title
page.account.project.bar.used
page.account.project.bar.remain
page.account.project.bar.upgrade
page.account.project.bar.hasUpgrade
page.account.project.bar.unlimited
page.account.project.how.desc
page.account.project.how.upgrade.title
page.account.project.how.upgrade.hasUpgrade
page.account.project.how.upgrade.expireDate
page.account.project.how.upgrade.renew
page.account.project.how.upgrade.upgradeNow
page.account.project.how.referral.title
page.account.project.how.referral.desc
page.account.project.how.referral.now
page.account.project.how.referral.checkBonus
page.account.project.rewardLog.title
page.account.project.rewardLog.noRewardLog
page.account.project.rewardLog.rewardType.title
page.account.project.rewardLog.rewardType.invite
page.account.project.rewardLog.rewardType.emailVerify
page.account.project.rewardLog.rewardType.commission
page.account.project.rewardLog.rewardContent.project
page.account.project.rewardLog.rewardContent.emailConfirmed
page.account.project.rewardLog.rewardContent.bonus
page.account.project.rewardLog.rewardContent.bonusMoney
page.account.project.rewardLog.updateTime.title
page.account.project.rewardLog.reward.title
page.account.project.rewardLog.state.inHand
page.account.project.rewardLog.state.finished
page.account.project.rewardLog.state.verifying
page.account.project.contact.contact
page.account.project.contact.addContact
page.account.project.contact.email
page.account.project.contact.name
page.account.project.contact.addTime
page.account.project.contact.operation
page.account.project.contact.delete
page.account.project.contact.noContact
page.account.project.contact.modify
page.account.project.contact.modifyWarning1
page.account.project.contact.modifyWarning2
page.account.project.contact.addRightInfo
page.account.project.contact.addRightName
page.account.project.contact.submit
page.account.project.contact.cancel
page.account.project.contact.deleteWaring1
page.account.project.contact.deleteWaring2
page.account.project.contact.deleteCant1
page.account.project.contact.deleteCant2
page.referral.title
page.referral.desc
page.referral.socialShare.title
page.referral.emailInvite.title
page.referral.emailInvite.textAreaPlace
page.referral.emailInvite.button
page.referral.linkInvite.title
page.referral.linkInvite.mode
page.referral.linkInvite.copyNow
page.referral.showMsg.invalidEmail
page.referral.showMsg.noEmail
page.referral.showMsg.moreThan
page.upgrade.license
page.upgrade.currentLicense
page.upgrade.expireDate
page.upgrade.upgrade
page.upgrade.renew
page.upgrade.free
page.upgrade.pro
page.upgrade.totalPrice
page.upgrade.loading
page.upgrade.oneMonth
page.upgrade.halfYear
page.upgrade.oneYear
page.upgrade.slogan.first
page.upgrade.slogan.second
page.upgrade.slogan.third
page.upgrade.desc.d1.first
page.upgrade.desc.d1.second
page.upgrade.desc.d1.price
page.upgrade.desc.d2
page.upgrade.desc.d3
page.upgrade.desc.d4
page.upgrade.price.month.actual
page.upgrade.price.month.unit
page.upgrade.price.month.not.first
page.upgrade.price.month.not.second
page.upgrade.price.month.is.first
page.upgrade.price.month.is.second
page.upgrade.price.year.actual
page.upgrade.price.year.not
page.upgrade.price.year.is
page.upgrade.features.revision
page.upgrade.features.project
page.upgrade.features.file
page.upgrade.features.icon
page.upgrade.features.icon_free
page.upgrade.features.icon_pro
page.upgrade.features.projectManage
page.upgrade.features.exportPNG
page.upgrade.features.exportHTML
page.upgrade.features.unlimited
page.upgrade.features.print
page.upgrade.features.viewer
page.upgrade.features.template
page.upgrade.features.run
page.help.title
page.help.desc
page.help.response
page.help.duty
page.help.submit
page.help.emptyContent
page.revisions.title
page.revisions.desc
page.revisions.upgrade.first
page.revisions.upgrade.second
page.revisions.upgrade.third
page.revisions.version
page.revisions.noRevision.first
page.revisions.noRevision.second
page.revisions.restore
page.fileShare.title
page.fileShare.cancelShare
page.fileShare.addShare
page.fileShare.shareFileUpgrade.please
page.fileShare.shareFileUpgrade.upgrade
page.fileShare.shareFileUpgrade.continue
page.fileShare.comments.title
page.fileShare.comments.noComment
page.fileShare.comments.newComment.title
page.fileShare.comments.newComment.name
page.fileShare.comments.newComment.email
page.fileShare.comments.newComment.website
page.fileShare.comments.newComment.submit
page.fileShare.shareCancel
page.paySuccess.title
page.paySuccess.thanks
page.paySuccess.return
page.payFail.title
page.payFail.error
page.payFail.rePurchase
page.payCancel.title
page.payCancel.message
page.payCancel.return
page.payCancel.rePurchase
page.unSubscribe.title
page.unSubscribe.success
page.unSubscribe.content
page.unSubscribe.toHome
page.unSubscribe.time
page.$projectNew.new
page.$projectNew.name
page.$projectNew.create
page.$projectNew.cancel
page.$projectNew.nameEmpty
page.$projectNew.equipment
page.$projectNew.free
page.$projectNew.aspectRatio
page.$projectNew.custom
page.$projectNew.scanQR
page.$projectNew.width
page.$projectNew.height
page.$projectNew.ok
page.design.noFlash.desc
page.design.noFlash.help
page.design.noFlash.contact
page.design.noFlash.thank
page.design.noFlash.download
page.design.noFlash.support
page.design.firstUse.first
page.design.firstUse.second
page.design.loadingProverb.0.content
page.design.loadingProverb.0.author
page.design.loadingProverb.1.content
page.design.loadingProverb.1.author
page.design.loadingProverb.2.content
page.design.loadingProverb.2.author
page.design.loadingProverb.3.content
page.design.loadingProverb.3.author
page.design.loadingProverb.4.content
page.design.loadingProverb.4.author
page.design.loadingProverb.5.content
page.design.loadingProverb.5.author
page.design.loadingProverb.6.content
page.design.loadingProverb.6.author
page.design.loadingProverb.7.content
page.design.loadingProverb.7.author
page.design.loadingProverb.8.content
page.design.loadingProverb.8.author
page.support.title
page.support.feedback
page.support.question.related
page.support.question.noRelated
page.support.question.wasHelpful
page.support.question.yes
page.support.question.no
page.support.search.faq
page.support.search.btnValue
page.support.search.noSearch
page.support.search.searchTitle
page.support.home.btnValue
page.support.home.faq
page.support.home.inTouch
page.support.home.email
page.support.home.message
page.support.home.submit
page.support.home.Keyword
page.support.home.contact
page.community.index.showDesign
page.community.index.pages
page.community.index.title
page.community.index.lastUpdated
page.community.index.noUser
page.community.index.latestDesign
page.community.index.noFile
page.community.file.title
page.community.file.comments
page.community.file.noComment
page.community.file.please
page.community.file.login
page.community.file.continue
page.community.file.ok
page.community.file.addComment
page.community.file.notFound
page.community.project.noFile
page.community.project.preview
page.community.project.notFound
page.community.user.noProject
page.community.user.pages
page.community.user.page
page.browser.browserCheck
page.browser.browserIs
page.browser.notWorkMost
page.browser.upgrade
page.browser.download
page.browser.choiceSelf
page.browser.notUseReview
page.browser.canUse
page.browser.chrome
page.browser.firefox
page.mobile.pages
page.mobile.update
page.mobile.runNow
page.mobile.aspectRatio
page.mobile.good
page.mobile.yourRatio
page.mobile.choiceMode
page.mobile.adaptPage
page.mobile.adaptScreen
page.mobile.runYouCan
page.mobile.pressLongTime
page.mobile.hotZone
page.mobile.switchPage
page.mobile.return
page.$changePwd.title
page.$changePwd.oldPwd
page.$changePwd.newPwd
page.$changePwd.confirm
page.$changePwd.submit
page.$changePwd.cancel
page.$avatar.title
page.$avatar.submit
page.$avatar.cancel
page.$avatar.uploadAvatarTitle
page.$avatar.chooseAvatar
page.$avatar.errorMsg
page.$delFile.title
page.$delFile.desc
page.$delFile.noRestored
page.$delFile.confirm
page.$delFile.submit
page.$delFile.cancel
page.$upgrade.title
page.$upgrade.prompt
page.$upgrade.featureTitle
page.$upgrade.upgradeNow
page.$upgrade.later
page.$renameProject.title
page.$renameProject.newName
page.$renameProject.description
page.$renameProject.state
page.$renameProject.public
page.$renameProject.private
page.$renameProject.submit
page.$renameProject.cancel
page.$renameProject.nameEmpty
page.$delProject.title.first
page.$delProject.title.second
page.$delProject.empty.first
page.$delProject.empty.second
page.$delProject.empty.third
page.$delProject.empty.four
page.$delProject.empty.noRestore
page.$delProject.one.first
page.$delProject.one.second
page.$delProject.one.third
page.$delProject.one.four
page.$delProject.one.noRestore
page.$delProject.more.first
page.$delProject.more.second
page.$delProject.more.third
page.$delProject.more.four
page.$delProject.more.noRestore
page.$delProject.confirm1
page.$delProject.confirm2
page.$delProject.submit
page.$delProject.cancel
page.$freeUse.register
page.$freeUse.login
page.$freeUse.submit
page.$freeUse.cancel
page.$freeUse.welcome.title
page.$freeUse.welcome.desc
page.$freeUse.welcome.adText1
page.$freeUse.welcome.adText2
page.$freeUse.welcome.adText3
page.$freeUse.welcome.btn1
page.$freeUse.welcome.btn2
page.$freeUse.remind.desc
page.$freeUse.remind.createAccount
page.$freeUse.remind.tryDesktop.first
page.$freeUse.remind.tryDesktop.second
page.$signOut.title
page.$signOut.desc
page.$signOut.submit
page.$signOut.cancel
page.$share.title
page.$share.shareTo
page.$share.shareLink
page.$share.close
page.$share.copyLink
page.skill.title
page.skill.new
page.skill.newOne
page.skill.edit
page.skill.gets
page.skill.mine
page.skill.none
page.skill.more
emails.layout.desc
emails.layout.site
emails.layout.mail
emails.layout.help.first
emails.layout.help.second
emails.emailVerify.thank
emails.emailVerify.desc
emails.invite.subject
emails.invite.desc
review.ok
review.cancel
review.submit
review.publication
review.close
review.password
review.invited
review.invite
review.signout
review.switchAcc
review.continueReview
review.err.noFile
review.err.noName
review.err.noContact
review.auth.authentication
review.auth.forgetPassword
review.initPwd.title
review.initPwd.confirmAdd
review.initPwd.confirmPwd
review.reviewInvite.newReviewNum
review.reviewInvite.fromClient
review.reviewInvite.cancelReview
review.reviewInvite.noProjectReview
review.reviewInvite.noReview
review.reviewInvite.clickHere
review.reviewInvite.howReview
review.reviewInvite.or
review.reviewInvite.seeDescription
review.reviewInvited.noProjectReview
review.reviewFiles.unread
review.reviewFiles.empty
review.reviewFiles.help
review.reviewFiles.rate
review.reviewFiles.yourComment
review.reviewFiles.reply
review.reviewFiles.deleteReview
review.reviewFiles.hold
review.reviewFiles.ctrl
review.reviewFiles.dragPin
review.reviewFiles.ratio
review.reviewFiles.customColor
review.reviewFiles.runMode
review.reviewFiles.reviewMode
review.project.inviteYou
review.project.list
review.project.confirm
review.project.review
review.project.noList
review.project.isInvite
review.$cancelReview.title
review.$cancelReview.waring1
review.$cancelReview.waring2
review.$cancelReview.confirm
review.$inviteReview.title
review.$inviteReview.reviewerList
review.$inviteReview.manageContact
review.$inviteReview.addEmail
review.$inviteReview.inviteSuccess
review.$inviteReview.copy
review.$inviteReview.copyLink
models.phone.0.ratio
models.phone.0.devices.0
models.phone.0.devices.1
models.phone.0.devices.2
models.phone.0.devices.3
models.phone.0.devices.4
models.phone.0.devices.5
models.phone.1.ratio
models.phone.1.devices.0
models.phone.2.ratio
models.phone.2.devices.0
models.phone.3.ratio
models.phone.3.devices.0
models.phone.3.devices.1
models.phone.3.devices.2
models.phone.3.devices.3
models.phone.3.devices.4
models.phone.3.devices.5
models.phone.3.devices.6
models.phone.3.devices.7
models.phone.4.ratio
models.tablet.0.ratio
models.tablet.0.devices.0
models.tablet.0.devices.1
models.tablet.0.devices.2
models.tablet.1.ratio
models.tablet.1.devices.0
models.tablet.1.devices.1
models.tablet.1.devices.2
models.tablet.1.devices.3
models.tablet.1.devices.4
models.tablet.1.devices.5
models.tablet.2.ratio
models.tablet.2.devices.0
models.tablet.2.devices.1
models.tablet.3.ratio
models.tablet.3.devices.0
models.tablet.3.devices.1
models.tablet.3.devices.2
models.tablet.4.ratio
report.new_board
report.new_issue
report.hot_issues
report.latest_issues
report.more
report.private
report.update
report.no_issues
report.search
report.search_no_results
report.login
report.logout
report.keyword
report.edit
report.member_manage
report.top
report.limit.stuff
report.limit.auth
report.status.status
report.status.all
report.status.new
report.status.processing
report.status.solved
report.me.me
report.me.all
report.me.created
report.me.assigned
report.me.followed
report.label.label
report.label.all
report.event.label
report.event.unlabel
report.event.assign
report.event.close
report.event.lock
report.event.delete
report.event.work
report.event.edit
report.new.platform
report.new.title
report.new.description
report.new.category
report.new.category_requirement
report.new.category_question
report.new.privacy
report.new.keep_secret
report.new.detail
report.new.submit
report.new.assign_to
report.thread.assign_to
report.thread.no_assign
report.thread.audit.title
report.thread.audit.audited
report.thread.audit.pass
report.thread.audit.deny
report.thread.audit.denied
report.thread.operate.title
report.thread.operate.processing
report.thread.operate.resolved
report.thread.operate.edit
report.thread.operate.delete
report.thread.operate.public
report.thread.operate.private
report.thread.operate.top
report.thread.operate.untop
report.thread.operate.move
report.rank.description
report.user.points
report.user.rank
report.user.mine
report.user.none
report.comment.comment
report.comment.submit
report.comment.login
report.follow.follow
report.follow.cancel
report.follow.following
report.follow.description
report.follow.description2
report.subscribe.unSubscribe_success
report.subscribe.unSubscribe_desc1
report.subscribe.unSubscribe_desc2
report.mail.title
report.mail.issue
report.mail.solved
report.mail.subscribe
report.mail.unSubscribe1
report.mail.unSubscribe2
report.mail.newComment
report.mail.submit1
report.mail.submit2
report.mail.label
report.mail.unLabel
report.admin.board.edit_title
report.admin.board.name
report.admin.board.board_name
report.admin.board.description
report.admin.board.board_description
report.admin.board.permission
report.admin.board.only_stuff
report.admin.board.only_authed
report.admin.board.save
report.admin.board.create
report.admin.member.one_line_one_email
report.admin.member.add
report.admin.member.submit
report.admin.member.members
report.admin.member.remove
report.admin.label.labels
report.admin.label.add
report.admin.label.name
report.admin.label.name_desc
report.admin.label.color
report.admin.label.color_desc
report.admin.label.submit
report.admin.thread.back
report.admin.thread.title
report.admin.thread.title_desc
report.admin.thread.content
report.admin.thread.content_desc
report.admin.thread.submit_change
report.admin.thread.assign_to
lib.title
lib.author
lib.componentsCount
lib.preview
lib.has_been_added
lib.add
lib.how_to_use
lib.use_lib.step_1
lib.use_lib.step_2
lib.use_lib.step_3
ent.sync.no_name
ent.lock.not_page_to_unlock
